<?xml version="1.0" encoding="UTF-8"?>
<!-- Generated by org.testng.reporters.JUnitReportReporter -->
<testsuite skipped="0" hostname="DESKTOP-GPLKJRE" name="test.TestCases" tests="1" failures="0" timestamp="23 Jan 2019 22:33:05 GMT" time="7.238" errors="0">
  <testcase name="test" time="7.238" classname="test.TestCases"/>
</testsuite> <!-- test.TestCases -->
